make --dry-run --always-make --keep-going --print-directory
make: Entering directory '/home/11911609JohnnyGe/OS/assignments/week13/Week13(1)/Week13'
 
echo + cc kern/init/entry.S
riscv64-unknown-elf-gcc -Ikern/init/ -mcmodel=medany -O2 -std=gnu99 -Wno-unused -fno-builtin -Wall -nostdinc  -fno-stack-protector -ffunction-sections -fdata-sections -Ilibs/ -Ikern/debug/ -Ikern/driver/ -Ikern/trap/ -Ikern/mm/ -Ikern/libs/ -Ikern/sync/ -Ikern/fs/ -Ikern/process -Ikern/schedule -Ikern/syscall -c kern/init/entry.S -o obj/kern/init/entry.o
echo + cc kern/init/init.c
riscv64-unknown-elf-gcc -Ikern/init/ -mcmodel=medany -O2 -std=gnu99 -Wno-unused -fno-builtin -Wall -nostdinc  -fno-stack-protector -ffunction-sections -fdata-sections -Ilibs/ -Ikern/debug/ -Ikern/driver/ -Ikern/trap/ -Ikern/mm/ -Ikern/libs/ -Ikern/sync/ -Ikern/fs/ -Ikern/process -Ikern/schedule -Ikern/syscall -c kern/init/init.c -o obj/kern/init/init.o
echo + cc kern/libs/stdio.c
 
riscv64-unknown-elf-gcc -Ikern/libs/ -mcmodel=medany -O2 -std=gnu99 -Wno-unused -fno-builtin -Wall -nostdinc  -fno-stack-protector -ffunction-sections -fdata-sections -Ilibs/ -Ikern/debug/ -Ikern/driver/ -Ikern/trap/ -Ikern/mm/ -Ikern/libs/ -Ikern/sync/ -Ikern/fs/ -Ikern/process -Ikern/schedule -Ikern/syscall -c kern/libs/stdio.c -o obj/kern/libs/stdio.o
echo + cc kern/libs/readline.c
riscv64-unknown-elf-gcc -Ikern/libs/ -mcmodel=medany -O2 -std=gnu99 -Wno-unused -fno-builtin -Wall -nostdinc  -fno-stack-protector -ffunction-sections -fdata-sections -Ilibs/ -Ikern/debug/ -Ikern/driver/ -Ikern/trap/ -Ikern/mm/ -Ikern/libs/ -Ikern/sync/ -Ikern/fs/ -Ikern/process -Ikern/schedule -Ikern/syscall -c kern/libs/readline.c -o obj/kern/libs/readline.o
echo + cc kern/debug/panic.c
riscv64-unknown-elf-gcc -Ikern/debug/ -mcmodel=medany -O2 -std=gnu99 -Wno-unused -fno-builtin -Wall -nostdinc  -fno-stack-protector -ffunction-sections -fdata-sections -Ilibs/ -Ikern/debug/ -Ikern/driver/ -Ikern/trap/ -Ikern/mm/ -Ikern/libs/ -Ikern/sync/ -Ikern/fs/ -Ikern/process -Ikern/schedule -Ikern/syscall -c kern/debug/panic.c -o obj/kern/debug/panic.o
echo + cc kern/debug/kdebug.c
riscv64-unknown-elf-gcc -Ikern/debug/ -mcmodel=medany -O2 -std=gnu99 -Wno-unused -fno-builtin -Wall -nostdinc  -fno-stack-protector -ffunction-sections -fdata-sections -Ilibs/ -Ikern/debug/ -Ikern/driver/ -Ikern/trap/ -Ikern/mm/ -Ikern/libs/ -Ikern/sync/ -Ikern/fs/ -Ikern/process -Ikern/schedule -Ikern/syscall -c kern/debug/kdebug.c -o obj/kern/debug/kdebug.o
echo + cc kern/debug/kmonitor.c
riscv64-unknown-elf-gcc -Ikern/debug/ -mcmodel=medany -O2 -std=gnu99 -Wno-unused -fno-builtin -Wall -nostdinc  -fno-stack-protector -ffunction-sections -fdata-sections -Ilibs/ -Ikern/debug/ -Ikern/driver/ -Ikern/trap/ -Ikern/mm/ -Ikern/libs/ -Ikern/sync/ -Ikern/fs/ -Ikern/process -Ikern/schedule -Ikern/syscall -c kern/debug/kmonitor.c -o obj/kern/debug/kmonitor.o
echo + cc kern/driver/ide.c
riscv64-unknown-elf-gcc -Ikern/driver/ -mcmodel=medany -O2 -std=gnu99 -Wno-unused -fno-builtin -Wall -nostdinc  -fno-stack-protector -ffunction-sections -fdata-sections -Ilibs/ -Ikern/debug/ -Ikern/driver/ -Ikern/trap/ -Ikern/mm/ -Ikern/libs/ -Ikern/sync/ -Ikern/fs/ -Ikern/process -Ikern/schedule -Ikern/syscall -c kern/driver/ide.c -o obj/kern/driver/ide.o
echo + cc kern/driver/clock.c
riscv64-unknown-elf-gcc -Ikern/driver/ -mcmodel=medany -O2 -std=gnu99 -Wno-unused -fno-builtin -Wall -nostdinc  -fno-stack-protector -ffunction-sections -fdata-sections -Ilibs/ -Ikern/debug/ -Ikern/driver/ -Ikern/trap/ -Ikern/mm/ -Ikern/libs/ -Ikern/sync/ -Ikern/fs/ -Ikern/process -Ikern/schedule -Ikern/syscall -c kern/driver/clock.c -o obj/kern/driver/clock.o
echo + cc kern/driver/console.c
riscv64-unknown-elf-gcc -Ikern/driver/ -mcmodel=medany -O2 -std=gnu99 -Wno-unused -fno-builtin -Wall -nostdinc  -fno-stack-protector -ffunction-sections -fdata-sections -Ilibs/ -Ikern/debug/ -Ikern/driver/ -Ikern/trap/ -Ikern/mm/ -Ikern/libs/ -Ikern/sync/ -Ikern/fs/ -Ikern/process -Ikern/schedule -Ikern/syscall -c kern/driver/console.c -o obj/kern/driver/console.o
echo + cc kern/driver/picirq.c
riscv64-unknown-elf-gcc -Ikern/driver/ -mcmodel=medany -O2 -std=gnu99 -Wno-unused -fno-builtin -Wall -nostdinc  -fno-stack-protector -ffunction-sections -fdata-sections -Ilibs/ -Ikern/debug/ -Ikern/driver/ -Ikern/trap/ -Ikern/mm/ -Ikern/libs/ -Ikern/sync/ -Ikern/fs/ -Ikern/process -Ikern/schedule -Ikern/syscall -c kern/driver/picirq.c -o obj/kern/driver/picirq.o
echo + cc kern/driver/intr.c
riscv64-unknown-elf-gcc -Ikern/driver/ -mcmodel=medany -O2 -std=gnu99 -Wno-unused -fno-builtin -Wall -nostdinc  -fno-stack-protector -ffunction-sections -fdata-sections -Ilibs/ -Ikern/debug/ -Ikern/driver/ -Ikern/trap/ -Ikern/mm/ -Ikern/libs/ -Ikern/sync/ -Ikern/fs/ -Ikern/process -Ikern/schedule -Ikern/syscall -c kern/driver/intr.c -o obj/kern/driver/intr.o
echo + cc kern/trap/trap.c
riscv64-unknown-elf-gcc -Ikern/trap/ -mcmodel=medany -O2 -std=gnu99 -Wno-unused -fno-builtin -Wall -nostdinc  -fno-stack-protector -ffunction-sections -fdata-sections -Ilibs/ -Ikern/debug/ -Ikern/driver/ -Ikern/trap/ -Ikern/mm/ -Ikern/libs/ -Ikern/sync/ -Ikern/fs/ -Ikern/process -Ikern/schedule -Ikern/syscall -c kern/trap/trap.c -o obj/kern/trap/trap.o
echo + cc kern/trap/trapentry.S
riscv64-unknown-elf-gcc -Ikern/trap/ -mcmodel=medany -O2 -std=gnu99 -Wno-unused -fno-builtin -Wall -nostdinc  -fno-stack-protector -ffunction-sections -fdata-sections -Ilibs/ -Ikern/debug/ -Ikern/driver/ -Ikern/trap/ -Ikern/mm/ -Ikern/libs/ -Ikern/sync/ -Ikern/fs/ -Ikern/process -Ikern/schedule -Ikern/syscall -c kern/trap/trapentry.S -o obj/kern/trap/trapentry.o
echo + cc kern/mm/vmm.c
riscv64-unknown-elf-gcc -Ikern/mm/ -mcmodel=medany -O2 -std=gnu99 -Wno-unused -fno-builtin -Wall -nostdinc  -fno-stack-protector -ffunction-sections -fdata-sections -Ilibs/ -Ikern/debug/ -Ikern/driver/ -Ikern/trap/ -Ikern/mm/ -Ikern/libs/ -Ikern/sync/ -Ikern/fs/ -Ikern/process -Ikern/schedule -Ikern/syscall -c kern/mm/vmm.c -o obj/kern/mm/vmm.o
echo + cc kern/mm/swap.c
riscv64-unknown-elf-gcc -Ikern/mm/ -mcmodel=medany -O2 -std=gnu99 -Wno-unused -fno-builtin -Wall -nostdinc  -fno-stack-protector -ffunction-sections -fdata-sections -Ilibs/ -Ikern/debug/ -Ikern/driver/ -Ikern/trap/ -Ikern/mm/ -Ikern/libs/ -Ikern/sync/ -Ikern/fs/ -Ikern/process -Ikern/schedule -Ikern/syscall -c kern/mm/swap.c -o obj/kern/mm/swap.o
echo + cc kern/mm/kmalloc.c
riscv64-unknown-elf-gcc -Ikern/mm/ -mcmodel=medany -O2 -std=gnu99 -Wno-unused -fno-builtin -Wall -nostdinc  -fno-stack-protector -ffunction-sections -fdata-sections -Ilibs/ -Ikern/debug/ -Ikern/driver/ -Ikern/trap/ -Ikern/mm/ -Ikern/libs/ -Ikern/sync/ -Ikern/fs/ -Ikern/process -Ikern/schedule -Ikern/syscall -c kern/mm/kmalloc.c -o obj/kern/mm/kmalloc.o
echo + cc kern/mm/swap_fifo.c
riscv64-unknown-elf-gcc -Ikern/mm/ -mcmodel=medany -O2 -std=gnu99 -Wno-unused -fno-builtin -Wall -nostdinc  -fno-stack-protector -ffunction-sections -fdata-sections -Ilibs/ -Ikern/debug/ -Ikern/driver/ -Ikern/trap/ -Ikern/mm/ -Ikern/libs/ -Ikern/sync/ -Ikern/fs/ -Ikern/process -Ikern/schedule -Ikern/syscall -c kern/mm/swap_fifo.c -o obj/kern/mm/swap_fifo.o
echo + cc kern/mm/default_pmm.c
riscv64-unknown-elf-gcc -Ikern/mm/ -mcmodel=medany -O2 -std=gnu99 -Wno-unused -fno-builtin -Wall -nostdinc  -fno-stack-protector -ffunction-sections -fdata-sections -Ilibs/ -Ikern/debug/ -Ikern/driver/ -Ikern/trap/ -Ikern/mm/ -Ikern/libs/ -Ikern/sync/ -Ikern/fs/ -Ikern/process -Ikern/schedule -Ikern/syscall -c kern/mm/default_pmm.c -o obj/kern/mm/default_pmm.o
echo + cc kern/mm/pmm.c
riscv64-unknown-elf-gcc -Ikern/mm/ -mcmodel=medany -O2 -std=gnu99 -Wno-unused -fno-builtin -Wall -nostdinc  -fno-stack-protector -ffunction-sections -fdata-sections -Ilibs/ -Ikern/debug/ -Ikern/driver/ -Ikern/trap/ -Ikern/mm/ -Ikern/libs/ -Ikern/sync/ -Ikern/fs/ -Ikern/process -Ikern/schedule -Ikern/syscall -c kern/mm/pmm.c -o obj/kern/mm/pmm.o
echo + cc kern/sync/check_milk.c
riscv64-unknown-elf-gcc -Ikern/sync/ -mcmodel=medany -O2 -std=gnu99 -Wno-unused -fno-builtin -Wall -nostdinc  -fno-stack-protector -ffunction-sections -fdata-sections -Ilibs/ -Ikern/debug/ -Ikern/driver/ -Ikern/trap/ -Ikern/mm/ -Ikern/libs/ -Ikern/sync/ -Ikern/fs/ -Ikern/process -Ikern/schedule -Ikern/syscall -c kern/sync/check_milk.c -o obj/kern/sync/check_milk.o
echo + cc kern/sync/check_sync.c
riscv64-unknown-elf-gcc -Ikern/sync/ -mcmodel=medany -O2 -std=gnu99 -Wno-unused -fno-builtin -Wall -nostdinc  -fno-stack-protector -ffunction-sections -fdata-sections -Ilibs/ -Ikern/debug/ -Ikern/driver/ -Ikern/trap/ -Ikern/mm/ -Ikern/libs/ -Ikern/sync/ -Ikern/fs/ -Ikern/process -Ikern/schedule -Ikern/syscall -c kern/sync/check_sync.c -o obj/kern/sync/check_sync.o
echo + cc kern/sync/wait.c
riscv64-unknown-elf-gcc -Ikern/sync/ -mcmodel=medany -O2 -std=gnu99 -Wno-unused -fno-builtin -Wall -nostdinc  -fno-stack-protector -ffunction-sections -fdata-sections -Ilibs/ -Ikern/debug/ -Ikern/driver/ -Ikern/trap/ -Ikern/mm/ -Ikern/libs/ -Ikern/sync/ -Ikern/fs/ -Ikern/process -Ikern/schedule -Ikern/syscall -c kern/sync/wait.c -o obj/kern/sync/wait.o
echo + cc kern/sync/sem.c
riscv64-unknown-elf-gcc -Ikern/sync/ -mcmodel=medany -O2 -std=gnu99 -Wno-unused -fno-builtin -Wall -nostdinc  -fno-stack-protector -ffunction-sections -fdata-sections -Ilibs/ -Ikern/debug/ -Ikern/driver/ -Ikern/trap/ -Ikern/mm/ -Ikern/libs/ -Ikern/sync/ -Ikern/fs/ -Ikern/process -Ikern/schedule -Ikern/syscall -c kern/sync/sem.c -o obj/kern/sync/sem.o
echo + cc kern/sync/check_exercise.c
riscv64-unknown-elf-gcc -Ikern/sync/ -mcmodel=medany -O2 -std=gnu99 -Wno-unused -fno-builtin -Wall -nostdinc  -fno-stack-protector -ffunction-sections -fdata-sections -Ilibs/ -Ikern/debug/ -Ikern/driver/ -Ikern/trap/ -Ikern/mm/ -Ikern/libs/ -Ikern/sync/ -Ikern/fs/ -Ikern/process -Ikern/schedule -Ikern/syscall -c kern/sync/check_exercise.c -o obj/kern/sync/check_exercise.o
echo + cc kern/sync/condvar.c
riscv64-unknown-elf-gcc -Ikern/sync/ -mcmodel=medany -O2 -std=gnu99 -Wno-unused -fno-builtin -Wall -nostdinc  -fno-stack-protector -ffunction-sections -fdata-sections -Ilibs/ -Ikern/debug/ -Ikern/driver/ -Ikern/trap/ -Ikern/mm/ -Ikern/libs/ -Ikern/sync/ -Ikern/fs/ -Ikern/process -Ikern/schedule -Ikern/syscall -c kern/sync/condvar.c -o obj/kern/sync/condvar.o
echo + cc kern/fs/swapfs.c
riscv64-unknown-elf-gcc -Ikern/fs/ -mcmodel=medany -O2 -std=gnu99 -Wno-unused -fno-builtin -Wall -nostdinc  -fno-stack-protector -ffunction-sections -fdata-sections -Ilibs/ -Ikern/debug/ -Ikern/driver/ -Ikern/trap/ -Ikern/mm/ -Ikern/libs/ -Ikern/sync/ -Ikern/fs/ -Ikern/process -Ikern/schedule -Ikern/syscall -c kern/fs/swapfs.c -o obj/kern/fs/swapfs.o
echo + cc kern/process/switch.S
riscv64-unknown-elf-gcc -Ikern/process/ -mcmodel=medany -O2 -std=gnu99 -Wno-unused -fno-builtin -Wall -nostdinc  -fno-stack-protector -ffunction-sections -fdata-sections -Ilibs/ -Ikern/debug/ -Ikern/driver/ -Ikern/trap/ -Ikern/mm/ -Ikern/libs/ -Ikern/sync/ -Ikern/fs/ -Ikern/process -Ikern/schedule -Ikern/syscall -c kern/process/switch.S -o obj/kern/process/switch.o
echo + cc kern/process/entry.S
riscv64-unknown-elf-gcc -Ikern/process/ -mcmodel=medany -O2 -std=gnu99 -Wno-unused -fno-builtin -Wall -nostdinc  -fno-stack-protector -ffunction-sections -fdata-sections -Ilibs/ -Ikern/debug/ -Ikern/driver/ -Ikern/trap/ -Ikern/mm/ -Ikern/libs/ -Ikern/sync/ -Ikern/fs/ -Ikern/process -Ikern/schedule -Ikern/syscall -c kern/process/entry.S -o obj/kern/process/entry.o
echo + cc kern/process/proc.c
riscv64-unknown-elf-gcc -Ikern/process/ -mcmodel=medany -O2 -std=gnu99 -Wno-unused -fno-builtin -Wall -nostdinc  -fno-stack-protector -ffunction-sections -fdata-sections -Ilibs/ -Ikern/debug/ -Ikern/driver/ -Ikern/trap/ -Ikern/mm/ -Ikern/libs/ -Ikern/sync/ -Ikern/fs/ -Ikern/process -Ikern/schedule -Ikern/syscall -c kern/process/proc.c -o obj/kern/process/proc.o
echo + cc kern/schedule/sched.c
riscv64-unknown-elf-gcc -Ikern/schedule/ -mcmodel=medany -O2 -std=gnu99 -Wno-unused -fno-builtin -Wall -nostdinc  -fno-stack-protector -ffunction-sections -fdata-sections -Ilibs/ -Ikern/debug/ -Ikern/driver/ -Ikern/trap/ -Ikern/mm/ -Ikern/libs/ -Ikern/sync/ -Ikern/fs/ -Ikern/process -Ikern/schedule -Ikern/syscall -c kern/schedule/sched.c -o obj/kern/schedule/sched.o
echo + cc kern/schedule/default_sched_stride.c
riscv64-unknown-elf-gcc -Ikern/schedule/ -mcmodel=medany -O2 -std=gnu99 -Wno-unused -fno-builtin -Wall -nostdinc  -fno-stack-protector -ffunction-sections -fdata-sections -Ilibs/ -Ikern/debug/ -Ikern/driver/ -Ikern/trap/ -Ikern/mm/ -Ikern/libs/ -Ikern/sync/ -Ikern/fs/ -Ikern/process -Ikern/schedule -Ikern/syscall -c kern/schedule/default_sched_stride.c -o obj/kern/schedule/default_sched_stride.o
echo + cc kern/syscall/syscall.c
riscv64-unknown-elf-gcc -Ikern/syscall/ -mcmodel=medany -O2 -std=gnu99 -Wno-unused -fno-builtin -Wall -nostdinc  -fno-stack-protector -ffunction-sections -fdata-sections -Ilibs/ -Ikern/debug/ -Ikern/driver/ -Ikern/trap/ -Ikern/mm/ -Ikern/libs/ -Ikern/sync/ -Ikern/fs/ -Ikern/process -Ikern/schedule -Ikern/syscall -c kern/syscall/syscall.c -o obj/kern/syscall/syscall.o
echo + cc libs/string.c
riscv64-unknown-elf-gcc -Ilibs/ -mcmodel=medany -O2 -std=gnu99 -Wno-unused -fno-builtin -Wall -nostdinc  -fno-stack-protector -ffunction-sections -fdata-sections -Ilibs/  -c libs/string.c -o obj/libs/string.o
echo + cc libs/printfmt.c
riscv64-unknown-elf-gcc -Ilibs/ -mcmodel=medany -O2 -std=gnu99 -Wno-unused -fno-builtin -Wall -nostdinc  -fno-stack-protector -ffunction-sections -fdata-sections -Ilibs/  -c libs/printfmt.c -o obj/libs/printfmt.o
echo + cc libs/hash.c
riscv64-unknown-elf-gcc -Ilibs/ -mcmodel=medany -O2 -std=gnu99 -Wno-unused -fno-builtin -Wall -nostdinc  -fno-stack-protector -ffunction-sections -fdata-sections -Ilibs/  -c libs/hash.c -o obj/libs/hash.o
echo + cc libs/rand.c
riscv64-unknown-elf-gcc -Ilibs/ -mcmodel=medany -O2 -std=gnu99 -Wno-unused -fno-builtin -Wall -nostdinc  -fno-stack-protector -ffunction-sections -fdata-sections -Ilibs/  -c libs/rand.c -o obj/libs/rand.o
 
mkdir -p bin/
echo + ld bin/kernel
riscv64-unknown-elf-ld -m elf64lriscv -nostdlib --gc-sections -T tools/kernel.ld -o bin/kernel  obj/kern/init/entry.o obj/kern/init/init.o obj/kern/libs/stdio.o obj/kern/libs/readline.o obj/kern/debug/panic.o obj/kern/debug/kdebug.o obj/kern/debug/kmonitor.o obj/kern/driver/ide.o obj/kern/driver/clock.o obj/kern/driver/console.o obj/kern/driver/picirq.o obj/kern/driver/intr.o obj/kern/trap/trap.o obj/kern/trap/trapentry.o obj/kern/mm/vmm.o obj/kern/mm/swap.o obj/kern/mm/kmalloc.o obj/kern/mm/swap_fifo.o obj/kern/mm/default_pmm.o obj/kern/mm/pmm.o obj/kern/sync/check_milk.o obj/kern/sync/check_sync.o obj/kern/sync/wait.o obj/kern/sync/sem.o obj/kern/sync/check_exercise.o obj/kern/sync/condvar.o obj/kern/fs/swapfs.o obj/kern/process/switch.o obj/kern/process/entry.o obj/kern/process/proc.o obj/kern/schedule/sched.o obj/kern/schedule/default_sched_stride.o obj/kern/syscall/syscall.o  obj/libs/string.o obj/libs/printfmt.o obj/libs/hash.o obj/libs/rand.o --format=binary  --format=default
riscv64-unknown-elf-objdump -S bin/kernel > obj/kernel.asm
riscv64-unknown-elf-objdump -t bin/kernel | sed '1,/SYMBOL TABLE/d; s/ .* / /; /^$/d' > obj/kernel.sym
riscv64-unknown-elf-objcopy bin/kernel --strip-all -O binary bin/ucore.bin
make: Leaving directory '/home/11911609JohnnyGe/OS/assignments/week13/Week13(1)/Week13'
 
